<?xml version="1.0" encoding="UTF-8"?>
<!-- Generated by org.testng.reporters.JUnitReportReporter -->
<testsuite hostname="Sayali" failures="0" tests="1" name="framework1.demotest1" time="85.392" errors="0" timestamp="2023-12-02T10:14:16 IST" skipped="0">
  <testcase classname="framework1.demotest1" name="facebookTest" time="85.392"/>
</testsuite> <!-- framework1.demotest1 -->
