<?xml version="1.0" encoding="UTF-8"?>
<!-- Generated by org.testng.reporters.JUnitReportReporter -->
<testsuite hostname="Sayali" failures="0" tests="1" name="framework1.basicexcel" time="36.462" errors="0" timestamp="2023-12-04T10:35:31 IST" skipped="0">
  <testcase classname="framework1.basicexcel" name="mod1" time="36.462"/>
</testsuite> <!-- framework1.basicexcel -->
